# JRE version: Java(TM) SE Runtime Environment (8.0_151-b12) (build 1.8.0_151-b12)
# Java VM: Java HotSpot(TM) 64-Bit Server VM (25.151-b12 mixed mode windows-amd64 compressed oops)
Heap:
 PSYoungGen      total 1244160K, used 46575K [0x000000076b380000, 0x00000007c0000000, 0x00000007c0000000)
  eden space 1197568K, 0% used [0x000000076b380000,0x000000076b380000,0x00000007b4500000)
  from space 46592K, 99% used [0x00000007bd280000,0x00000007bfffbf10,0x00000007c0000000)
  to   space 95744K, 0% used [0x00000007b4500000,0x00000007b4500000,0x00000007ba280000)
 ParOldGen       total 175104K, used 158196K [0x00000006c1a00000, 0x00000006cc500000, 0x000000076b380000)
  object space 175104K, 90% used [0x00000006c1a00000,0x00000006cb47d060,0x00000006cc500000)
 Metaspace       used 3355K, capacity 4500K, committed 4864K, reserved 1056768K
  class space    used 384K, capacity 388K, committed 512K, reserved 1048576K
GC Heap History (10 events):
Event: 2.985 GC heap after
Heap after GC invocations=10 (full 0):
 PSYoungGen      total 834048K, used 15334K [0x000000076b380000, 0x00000007a2280000, 0x00000007c0000000)
  eden space 818688K, 0% used [0x000000076b380000,0x000000076b380000,0x000000079d300000)
  from space 15360K, 99% used [0x000000079f280000,0x00000007a0179b10,0x00000007a0180000)
  to   space 32256K, 0% used [0x000000079d300000,0x000000079d300000,0x000000079f280000)
 ParOldGen       total 175104K, used 45460K [0x00000006c1a00000, 0x00000006cc500000, 0x000000076b380000)
  object space 175104K, 25% used [0x00000006c1a00000,0x00000006c4665060,0x00000006cc500000)
 Metaspace       used 3355K, capacity 4500K, committed 4864K, reserved 1056768K
  class space    used 384K, capacity 388K, committed 512K, reserved 1048576K
}
Event: 4.022 GC heap before
{Heap before GC invocations=11 (full 0):
 PSYoungGen      total 834048K, used 834022K [0x000000076b380000, 0x00000007a2280000, 0x00000007c0000000)
  eden space 818688K, 100% used [0x000000076b380000,0x000000079d300000,0x000000079d300000)
  from space 15360K, 99% used [0x000000079f280000,0x00000007a0179b10,0x00000007a0180000)
  to   space 32256K, 0% used [0x000000079d300000,0x000000079d300000,0x000000079f280000)
 ParOldGen       total 175104K, used 45460K [0x00000006c1a00000, 0x00000006cc500000, 0x000000076b380000)
  object space 175104K, 25% used [0x00000006c1a00000,0x00000006c4665060,0x00000006cc500000)
 Metaspace       used 3355K, capacity 4500K, committed 4864K, reserved 1056768K
  class space    used 384K, capacity 388K, committed 512K, reserved 1048576K
Event: 4.077 GC heap after
Heap after GC invocations=11 (full 0):
 PSYoungGen      total 850944K, used 32233K [0x000000076b380000, 0x00000007c0000000, 0x00000007c0000000)
  eden space 818688K, 0% used [0x000000076b380000,0x000000076b380000,0x000000079d300000)
  from space 32256K, 99% used [0x000000079d300000,0x000000079f27a410,0x000000079f280000)
  to   space 46592K, 0% used [0x00000007bd280000,0x00000007bd280000,0x00000007c0000000)
 ParOldGen       total 175104K, used 66508K [0x00000006c1a00000, 0x00000006cc500000, 0x000000076b380000)
  object space 175104K, 37% used [0x00000006c1a00000,0x00000006c5af3060,0x00000006cc500000)
 Metaspace       used 3355K, capacity 4500K, committed 4864K, reserved 1056768K
  class space    used 384K, capacity 388K, committed 512K, reserved 1048576K
}
Event: 5.208 GC heap before
{Heap before GC invocations=12 (full 0):
 PSYoungGen      total 850944K, used 841215K [0x000000076b380000, 0x00000007c0000000, 0x00000007c0000000)
  eden space 818688K, 98% used [0x000000076b380000,0x000000079c985bc0,0x000000079d300000)
  from space 32256K, 99% used [0x000000079d300000,0x000000079f27a410,0x000000079f280000)
  to   space 46592K, 0% used [0x00000007bd280000,0x00000007bd280000,0x00000007c0000000)
 ParOldGen       total 175104K, used 66508K [0x00000006c1a00000, 0x00000006cc500000, 0x000000076b380000)
  object space 175104K, 37% used [0x00000006c1a00000,0x00000006c5af3060,0x00000006cc500000)
 Metaspace       used 3355K, capacity 4500K, committed 4864K, reserved 1056768K
  class space    used 384K, capacity 388K, committed 512K, reserved 1048576K
Event: 5.209 GC heap after
Heap after GC invocations=12 (full 0):
 PSYoungGen      total 1343488K, used 0K [0x000000076b380000, 0x00000007c0000000, 0x00000007c0000000)
  eden space 1296896K, 0% used [0x000000076b380000,0x000000076b380000,0x00000007ba600000)
  from space 46592K, 0% used [0x00000007bd280000,0x00000007bd280000,0x00000007c0000000)
  to   space 45568K, 0% used [0x00000007ba600000,0x00000007ba600000,0x00000007bd280000)
 ParOldGen       total 175104K, used 66508K [0x00000006c1a00000, 0x00000006cc500000, 0x000000076b380000)
  object space 175104K, 37% used [0x00000006c1a00000,0x00000006c5af3060,0x00000006cc500000)
 Metaspace       used 3355K, capacity 4500K, committed 4864K, reserved 1056768K
  class space    used 384K, capacity 388K, committed 512K, reserved 1048576K
}
Event: 7.018 GC heap before
{Heap before GC invocations=13 (full 0):
 PSYoungGen      total 1343488K, used 1296896K [0x000000076b380000, 0x00000007c0000000, 0x00000007c0000000)
  eden space 1296896K, 100% used [0x000000076b380000,0x00000007ba600000,0x00000007ba600000)
  from space 46592K, 0% used [0x00000007bd280000,0x00000007bd280000,0x00000007c0000000)
  to   space 45568K, 0% used [0x00000007ba600000,0x00000007ba600000,0x00000007bd280000)
 ParOldGen       total 175104K, used 66508K [0x00000006c1a00000, 0x00000006cc500000, 0x000000076b380000)
  object space 175104K, 37% used [0x00000006c1a00000,0x00000006c5af3060,0x00000006cc500000)
 Metaspace       used 3355K, capacity 4500K, committed 4864K, reserved 1056768K
  class space    used 384K, capacity 388K, committed 512K, reserved 1048576K
Event: 7.068 GC heap after
Heap after GC invocations=13 (full 0):
 PSYoungGen      total 1342464K, used 45549K [0x000000076b380000, 0x00000007c0000000, 0x00000007c0000000)
  eden space 1296896K, 0% used [0x000000076b380000,0x000000076b380000,0x00000007ba600000)
  from space 45568K, 99% used [0x00000007ba600000,0x00000007bd27b610,0x00000007bd280000)
  to   space 46592K, 0% used [0x00000007bd280000,0x00000007bd280000,0x00000007c0000000)
 ParOldGen       total 175104K, used 69180K [0x00000006c1a00000, 0x00000006cc500000, 0x000000076b380000)
  object space 175104K, 39% used [0x00000006c1a00000,0x00000006c5d8f060,0x00000006cc500000)
 Metaspace       used 3355K, capacity 4500K, committed 4864K, reserved 1056768K
  class space    used 384K, capacity 388K, committed 512K, reserved 1048576K
}
Event: 9.105 GC heap before
{Heap before GC invocations=14 (full 0):
 PSYoungGen      total 1342464K, used 1342445K [0x000000076b380000, 0x00000007c0000000, 0x00000007c0000000)
  eden space 1296896K, 100% used [0x000000076b380000,0x00000007ba600000,0x00000007ba600000)
  from space 45568K, 99% used [0x00000007ba600000,0x00000007bd27b610,0x00000007bd280000)
  to   space 46592K, 0% used [0x00000007bd280000,0x00000007bd280000,0x00000007c0000000)
 ParOldGen       total 175104K, used 69180K [0x00000006c1a00000, 0x00000006cc500000, 0x000000076b380000)
  object space 175104K, 39% used [0x00000006c1a00000,0x00000006c5d8f060,0x00000006cc500000)
 Metaspace       used 3355K, capacity 4500K, committed 4864K, reserved 1056768K
  class space    used 384K, capacity 388K, committed 512K, reserved 1048576K
Event: 9.303 GC heap after
Heap after GC invocations=14 (full 0):
 PSYoungGen      total 1244160K, used 46575K [0x000000076b380000, 0x00000007c0000000, 0x00000007c0000000)
  eden space 1197568K, 0% used [0x000000076b380000,0x000000076b380000,0x00000007b4500000)
  from space 46592K, 99% used [0x00000007bd280000,0x00000007bfffbf10,0x00000007c0000000)
  to   space 95744K, 0% used [0x00000007b4500000,0x00000007b4500000,0x00000007ba280000)
 ParOldGen       total 175104K, used 158196K [0x00000006c1a00000, 0x00000006cc500000, 0x000000076b380000)
  object space 175104K, 90% used [0x00000006c1a00000,0x00000006cb47d060,0x00000006cc500000)
 Metaspace       used 3355K, capacity 4500K, committed 4864K, reserved 1056768K
  class space    used 384K, capacity 388K, committed 512K, reserved 1048576K
}
Event: 9.303 GC heap before
{Heap before GC invocations=15 (full 1):
 PSYoungGen      total 1244160K, used 46575K [0x000000076b380000, 0x00000007c0000000, 0x00000007c0000000)
  eden space 1197568K, 0% used [0x000000076b380000,0x000000076b380000,0x00000007b4500000)
  from space 46592K, 99% used [0x00000007bd280000,0x00000007bfffbf10,0x00000007c0000000)
  to   space 95744K, 0% used [0x00000007b4500000,0x00000007b4500000,0x00000007ba280000)
 ParOldGen       total 175104K, used 158196K [0x00000006c1a00000, 0x00000006cc500000, 0x000000076b380000)
  object space 175104K, 90% used [0x00000006c1a00000,0x00000006cb47d060,0x00000006cc500000)
 Metaspace       used 3355K, capacity 4500K, committed 4864K, reserved 1056768K
  class space    used 384K, capacity 388K, committed 512K, reserved 1048576K

